
**** Build of configuration Nios II for project Ass1 ****

make all 
      0 [main] sh 7924 find_fast_cwd: WARNING: Couldn't compute FAST_CWD pointer.  Please report this problem to
the public mailing list cygwin@cygwin.com
      1 [main] sh 8080 find_fast_cwd: WARNING: Couldn't compute FAST_CWD pointer.  Please report this problem to
the public mailing list cygwin@cygwin.com
      1 [main] echo 12196 find_fast_cwd: WARNING: Couldn't compute FAST_CWD pointer.  Please report this problem to
Info: Building ../Ass1_bsp/
the public mailing list cygwin@cygwin.com
make --no-print-directory -C ../Ass1_bsp/
      0 [main] pwd 10628 find_fast_cwd: WARNING: Couldn't compute FAST_CWD pointer.  Please report this problem to
the public mailing list cygwin@cygwin.com
      1 [main] sh 11708 find_fast_cwd: WARNING: Couldn't compute FAST_CWD pointer.  Please report this problem to
the public mailing list cygwin@cygwin.com
      0 [main] sh 6892 find_fast_cwd: WARNING: Couldn't compute FAST_CWD pointer.  Please report this problem to
the public mailing list cygwin@cygwin.com
[BSP build complete]
      0 [main] echo 10952 find_fast_cwd: WARNING: Couldn't compute FAST_CWD pointer.  Please report this problem to
Info: Compiling FreeRTOS/croutine.c to obj/default/FreeRTOS/croutine.o
the public mailing list cygwin@cygwin.com
      0 [main] mkdir 1252 find_fast_cwd: WARNING: Couldn't compute FAST_CWD pointer.  Please report this problem to
the public mailing list cygwin@cygwin.com
nios2-elf-gcc -xc -MP -MMD -c -I../Ass1_bsp//HAL/inc -I../Ass1_bsp/ -I../Ass1_bsp//drivers/inc  -DSYSTEM_BUS_WIDTH=32 -pipe -D__hal__ -DALT_NO_INSTRUCTION_EMULATION -DALT_SINGLE_THREADED    -O0 -g -Wall   -EL -mhw-div -mhw-mul -mno-hw-mulx  -o obj/default/FreeRTOS/croutine.o FreeRTOS/croutine.c
      0 [main] echo 7076 find_fast_cwd: WARNING: Couldn't compute FAST_CWD pointer.  Please report this problem to
Info: Compiling FreeRTOS/event_groups.c to obj/default/FreeRTOS/event_groups.o
the public mailing list cygwin@cygwin.com
      1 [main] mkdir 8948 find_fast_cwd: WARNING: Couldn't compute FAST_CWD pointer.  Please report this problem to
the public mailing list cygwin@cygwin.com
nios2-elf-gcc -xc -MP -MMD -c -I../Ass1_bsp//HAL/inc -I../Ass1_bsp/ -I../Ass1_bsp//drivers/inc  -DSYSTEM_BUS_WIDTH=32 -pipe -D__hal__ -DALT_NO_INSTRUCTION_EMULATION -DALT_SINGLE_THREADED    -O0 -g -Wall   -EL -mhw-div -mhw-mul -mno-hw-mulx  -o obj/default/FreeRTOS/event_groups.o FreeRTOS/event_groups.c
      1 [main] echo 6900 find_fast_cwd: WARNING: Couldn't compute FAST_CWD pointer.  Please report this problem to
Info: Compiling FreeRTOS/heap.c to obj/default/FreeRTOS/heap.o
the public mailing list cygwin@cygwin.com
      0 [main] mkdir 2164 find_fast_cwd: WARNING: Couldn't compute FAST_CWD pointer.  Please report this problem to
the public mailing list cygwin@cygwin.com
nios2-elf-gcc -xc -MP -MMD -c -I../Ass1_bsp//HAL/inc -I../Ass1_bsp/ -I../Ass1_bsp//drivers/inc  -DSYSTEM_BUS_WIDTH=32 -pipe -D__hal__ -DALT_NO_INSTRUCTION_EMULATION -DALT_SINGLE_THREADED    -O0 -g -Wall   -EL -mhw-div -mhw-mul -mno-hw-mulx  -o obj/default/FreeRTOS/heap.o FreeRTOS/heap.c
      1 [main] echo 10900 find_fast_cwd: WARNING: Couldn't compute FAST_CWD pointer.  Please report this problem to
Info: Compiling FreeRTOS/list.c to obj/default/FreeRTOS/list.o
the public mailing list cygwin@cygwin.com
      0 [main] mkdir 10904 find_fast_cwd: WARNING: Couldn't compute FAST_CWD pointer.  Please report this problem to
the public mailing list cygwin@cygwin.com
nios2-elf-gcc -xc -MP -MMD -c -I../Ass1_bsp//HAL/inc -I../Ass1_bsp/ -I../Ass1_bsp//drivers/inc  -DSYSTEM_BUS_WIDTH=32 -pipe -D__hal__ -DALT_NO_INSTRUCTION_EMULATION -DALT_SINGLE_THREADED    -O0 -g -Wall   -EL -mhw-div -mhw-mul -mno-hw-mulx  -o obj/default/FreeRTOS/list.o FreeRTOS/list.c
      0 [main] echo 240 find_fast_cwd: WARNING: Couldn't compute FAST_CWD pointer.  Please report this problem to
Info: Compiling FreeRTOS/port.c to obj/default/FreeRTOS/port.o
the public mailing list cygwin@cygwin.com
      0 [main] mkdir 10612 find_fast_cwd: WARNING: Couldn't compute FAST_CWD pointer.  Please report this problem to
the public mailing list cygwin@cygwin.com
nios2-elf-gcc -xc -MP -MMD -c -I../Ass1_bsp//HAL/inc -I../Ass1_bsp/ -I../Ass1_bsp//drivers/inc  -DSYSTEM_BUS_WIDTH=32 -pipe -D__hal__ -DALT_NO_INSTRUCTION_EMULATION -DALT_SINGLE_THREADED    -O0 -g -Wall   -EL -mhw-div -mhw-mul -mno-hw-mulx  -o obj/default/FreeRTOS/port.o FreeRTOS/port.c
FreeRTOS/port.c:90:1: warning: "configTICK_RATE_HZ" redefined
In file included from FreeRTOS/FreeRTOS.h:98,
                 from FreeRTOS/port.c:84:
FreeRTOS/FreeRTOSConfig.h:97:1: warning: this is the location of the previous definition
FreeRTOS/port.c:91:1: warning: "configCPU_CLOCK_HZ" redefined
FreeRTOS/FreeRTOSConfig.h:98:1: warning: this is the location of the previous definition
FreeRTOS/port.c: In function 'vApplicationStackOverflowHook':
FreeRTOS/port.c:96: warning: implicit declaration of function 'printf'
FreeRTOS/port.c:96: warning: incompatible implicit declaration of built-in function 'printf'
      0 [main] echo 11728 find_fast_cwd: WARNING: Couldn't compute FAST_CWD pointer.  Please report this problem to
Info: Compiling FreeRTOS/queue.c to obj/default/FreeRTOS/queue.o
the public mailing list cygwin@cygwin.com
      0 [main] mkdir 11416 find_fast_cwd: WARNING: Couldn't compute FAST_CWD pointer.  Please report this problem to
the public mailing list cygwin@cygwin.com
nios2-elf-gcc -xc -MP -MMD -c -I../Ass1_bsp//HAL/inc -I../Ass1_bsp/ -I../Ass1_bsp//drivers/inc  -DSYSTEM_BUS_WIDTH=32 -pipe -D__hal__ -DALT_NO_INSTRUCTION_EMULATION -DALT_SINGLE_THREADED    -O0 -g -Wall   -EL -mhw-div -mhw-mul -mno-hw-mulx  -o obj/default/FreeRTOS/queue.o FreeRTOS/queue.c
      0 [main] echo 4728 find_fast_cwd: WARNING: Couldn't compute FAST_CWD pointer.  Please report this problem to
Info: Compiling FreeRTOS/tasks.c to obj/default/FreeRTOS/tasks.o
the public mailing list cygwin@cygwin.com
      1 [main] mkdir 11840 find_fast_cwd: WARNING: Couldn't compute FAST_CWD pointer.  Please report this problem to
the public mailing list cygwin@cygwin.com
nios2-elf-gcc -xc -MP -MMD -c -I../Ass1_bsp//HAL/inc -I../Ass1_bsp/ -I../Ass1_bsp//drivers/inc  -DSYSTEM_BUS_WIDTH=32 -pipe -D__hal__ -DALT_NO_INSTRUCTION_EMULATION -DALT_SINGLE_THREADED    -O0 -g -Wall   -EL -mhw-div -mhw-mul -mno-hw-mulx  -o obj/default/FreeRTOS/tasks.o FreeRTOS/tasks.c
      1 [main] echo 2556 find_fast_cwd: WARNING: Couldn't compute FAST_CWD pointer.  Please report this problem to
Info: Compiling FreeRTOS/timers.c to obj/default/FreeRTOS/timers.o
the public mailing list cygwin@cygwin.com
      0 [main] mkdir 10468 find_fast_cwd: WARNING: Couldn't compute FAST_CWD pointer.  Please report this problem to
the public mailing list cygwin@cygwin.com
nios2-elf-gcc -xc -MP -MMD -c -I../Ass1_bsp//HAL/inc -I../Ass1_bsp/ -I../Ass1_bsp//drivers/inc  -DSYSTEM_BUS_WIDTH=32 -pipe -D__hal__ -DALT_NO_INSTRUCTION_EMULATION -DALT_SINGLE_THREADED    -O0 -g -Wall   -EL -mhw-div -mhw-mul -mno-hw-mulx  -o obj/default/FreeRTOS/timers.o FreeRTOS/timers.c
      1 [main] echo 8220 find_fast_cwd: WARNING: Couldn't compute FAST_CWD pointer.  Please report this problem to
the public mailing list cygwin@cygwin.com
Info: Compiling freertos_semaphore.c to obj/default/freertos_semaphore.o
      1 [main] mkdir 3980 find_fast_cwd: WARNING: Couldn't compute FAST_CWD pointer.  Please report this problem to
the public mailing list cygwin@cygwin.com
nios2-elf-gcc -xc -MP -MMD -c -I../Ass1_bsp//HAL/inc -I../Ass1_bsp/ -I../Ass1_bsp//drivers/inc  -DSYSTEM_BUS_WIDTH=32 -pipe -D__hal__ -DALT_NO_INSTRUCTION_EMULATION -DALT_SINGLE_THREADED    -O0 -g -Wall   -EL -mhw-div -mhw-mul -mno-hw-mulx  -o obj/default/freertos_semaphore.o freertos_semaphore.c
freertos_semaphore.c: In function 'receive_task1':
freertos_semaphore.c:308: warning: unused variable 'msg'
freertos_semaphore.c: In function 'receive_task2':
freertos_semaphore.c:319: warning: unused variable 'msg'
      1 [main] echo 1256 find_fast_cwd: WARNING: Couldn't compute FAST_CWD pointer.  Please report this problem to
the public mailing list cygwin@cygwin.com
Info: Assembling FreeRTOS/port_asm.S to obj/default/FreeRTOS/port_asm.o
      1 [main] mkdir 10144 find_fast_cwd: WARNING: Couldn't compute FAST_CWD pointer.  Please report this problem to
the public mailing list cygwin@cygwin.com
nios2-elf-gcc -MP -MMD -c -I../Ass1_bsp//HAL/inc -I../Ass1_bsp/ -I../Ass1_bsp//drivers/inc  -DSYSTEM_BUS_WIDTH=32 -pipe -D__hal__ -DALT_NO_INSTRUCTION_EMULATION -DALT_SINGLE_THREADED    -O0 -g -Wall   -EL -mhw-div -mhw-mul -mno-hw-mulx  -Wa,-I../Ass1_bsp//HAL/inc -Wa,-I../Ass1_bsp/ -Wa,-I../Ass1_bsp//drivers/inc -Wa,-gdwarf2 -o obj/default/FreeRTOS/port_asm.o FreeRTOS/port_asm.S
      0 [main] true 7684 find_fast_cwd: WARNING: Couldn't compute FAST_CWD pointer.  Please report this problem to
the public mailing list cygwin@cygwin.com
      0 [main] echo 11884 find_fast_cwd: WARNING: Couldn't compute FAST_CWD pointer.  Please report this problem to
Info: Linking Ass1.elf
the public mailing list cygwin@cygwin.com
nios2-elf-g++  -T'../Ass1_bsp//linker.x' -msys-crt0='../Ass1_bsp//obj/HAL/src/crt0.o' -msys-lib=hal_bsp -L../Ass1_bsp/   -Wl,-Map=Ass1.map   -O0 -g -Wall   -EL -mhw-div -mhw-mul -mno-hw-mulx  -o Ass1.elf obj/default/FreeRTOS/croutine.o obj/default/FreeRTOS/event_groups.o obj/default/FreeRTOS/heap.o obj/default/FreeRTOS/list.o obj/default/FreeRTOS/port.o obj/default/FreeRTOS/queue.o obj/default/FreeRTOS/tasks.o obj/default/FreeRTOS/timers.o obj/default/freertos_semaphore.o obj/default/FreeRTOS/port_asm.o -lm 
nios2-elf-insert Ass1.elf --thread_model hal --cpu_name nios2 --qsys true --simulation_enabled false --id 7 --sidp 0x430f0 --timestamp 1393900972 --stderr_dev jtag_uart --stdin_dev jtag_uart --stdout_dev jtag_uart --sopc_system_name nios2 --quartus_project_dir "D:/CS723-A1/workspace" --sopcinfo D:/CS723-A1/workspace/nios2.sopcinfo
      1 [main] sh 6336 find_fast_cwd: WARNING: Couldn't compute FAST_CWD pointer.  Please report this problem to
the public mailing list cygwin@cygwin.com
      0 [main] uname 11752 find_fast_cwd: WARNING: Couldn't compute FAST_CWD pointer.  Please report this problem to
the public mailing list cygwin@cygwin.com
      0 [main] sh 7436 find_fast_cwd: WARNING: Couldn't compute FAST_CWD pointer.  Please report this problem to
the public mailing list cygwin@cygwin.com
Info: (Ass1.elf) 602 KBytes program size (code + initialized data).
Info:            130561 KBytes free for stack + heap.
      1 [main] echo 9764 find_fast_cwd: WARNING: Couldn't compute FAST_CWD pointer.  Please report this problem to
the public mailing list cygwin@cygwin.com
Info: Creating Ass1.objdump
nios2-elf-objdump --disassemble --syms --all-header --source Ass1.elf >Ass1.objdump
      0 [main] sh 11048 find_fast_cwd: WARNING: Couldn't compute FAST_CWD pointer.  Please report this problem to
the public mailing list cygwin@cygwin.com
      1 [main] sh 1272 find_fast_cwd: WARNING: Couldn't compute FAST_CWD pointer.  Please report this problem to
the public mailing list cygwin@cygwin.com
[Ass1 build complete]

**** Build Finished ****

**** Build of configuration Nios II for project Ass1 ****

make all 
      0 [main] sh 10940 find_fast_cwd: WARNING: Couldn't compute FAST_CWD pointer.  Please report this problem to
the public mailing list cygwin@cygwin.com
      1 [main] sh 1100 find_fast_cwd: WARNING: Couldn't compute FAST_CWD pointer.  Please report this problem to
the public mailing list cygwin@cygwin.com
      0 [main] echo 11656 find_fast_cwd: WARNING: Couldn't compute FAST_CWD pointer.  Please report this problem to
Info: Building ../Ass1_bsp/
the public mailing list cygwin@cygwin.com
make --no-print-directory -C ../Ass1_bsp/
      0 [main] pwd 9160 find_fast_cwd: WARNING: Couldn't compute FAST_CWD pointer.  Please report this problem to
the public mailing list cygwin@cygwin.com
      0 [main] sh 6232 find_fast_cwd: WARNING: Couldn't compute FAST_CWD pointer.  Please report this problem to
the public mailing list cygwin@cygwin.com
      0 [main] sh 11608 find_fast_cwd: WARNING: Couldn't compute FAST_CWD pointer.  Please report this problem to
the public mailing list cygwin@cygwin.com
[BSP build complete]
      0 [main] true 344 find_fast_cwd: WARNING: Couldn't compute FAST_CWD pointer.  Please report this problem to
the public mailing list cygwin@cygwin.com
      1 [main] sh 11884 find_fast_cwd: WARNING: Couldn't compute FAST_CWD pointer.  Please report this problem to
the public mailing list cygwin@cygwin.com
[Ass1 build complete]

**** Build Finished ****

**** Build of configuration Nios II for project Ass1 ****

make all 
      1 [main] sh 6796 find_fast_cwd: WARNING: Couldn't compute FAST_CWD pointer.  Please report this problem to
the public mailing list cygwin@cygwin.com
      1 [main] sh 2748 find_fast_cwd: WARNING: Couldn't compute FAST_CWD pointer.  Please report this problem to
the public mailing list cygwin@cygwin.com
      1 [main] echo 4316 find_fast_cwd: WARNING: Couldn't compute FAST_CWD pointer.  Please report this problem to
Info: Building ../Ass1_bsp/
the public mailing list cygwin@cygwin.com
make --no-print-directory -C ../Ass1_bsp/
      0 [main] pwd 7292 find_fast_cwd: WARNING: Couldn't compute FAST_CWD pointer.  Please report this problem to
the public mailing list cygwin@cygwin.com
      1 [main] sh 11896 find_fast_cwd: WARNING: Couldn't compute FAST_CWD pointer.  Please report this problem to
the public mailing list cygwin@cygwin.com
      1 [main] sh 8384 find_fast_cwd: WARNING: Couldn't compute FAST_CWD pointer.  Please report this problem to
the public mailing list cygwin@cygwin.com
[BSP build complete]
      1 [main] echo 5300 find_fast_cwd: WARNING: Couldn't compute FAST_CWD pointer.  Please report this problem to
Info: Compiling freertos_semaphore.c to obj/default/freertos_semaphore.o
the public mailing list cygwin@cygwin.com
      1 [main] mkdir 9200 find_fast_cwd: WARNING: Couldn't compute FAST_CWD pointer.  Please report this problem to
the public mailing list cygwin@cygwin.com
nios2-elf-gcc -xc -MP -MMD -c -I../Ass1_bsp//HAL/inc -I../Ass1_bsp/ -I../Ass1_bsp//drivers/inc  -DSYSTEM_BUS_WIDTH=32 -pipe -D__hal__ -DALT_NO_INSTRUCTION_EMULATION -DALT_SINGLE_THREADED    -O0 -g -Wall   -EL -mhw-div -mhw-mul -mno-hw-mulx  -o obj/default/freertos_semaphore.o freertos_semaphore.c
freertos_semaphore.c: In function 'receive_task1':
freertos_semaphore.c:308: warning: unused variable 'msg'
freertos_semaphore.c: In function 'receive_task2':
freertos_semaphore.c:319: warning: unused variable 'msg'
      1 [main] true 11540 find_fast_cwd: WARNING: Couldn't compute FAST_CWD pointer.  Please report this problem to
the public mailing list cygwin@cygwin.com
      0 [main] echo 10820 find_fast_cwd: WARNING: Couldn't compute FAST_CWD pointer.  Please report this problem to
Info: Linking Ass1.elf
the public mailing list cygwin@cygwin.com
nios2-elf-g++  -T'../Ass1_bsp//linker.x' -msys-crt0='../Ass1_bsp//obj/HAL/src/crt0.o' -msys-lib=hal_bsp -L../Ass1_bsp/   -Wl,-Map=Ass1.map   -O0 -g -Wall   -EL -mhw-div -mhw-mul -mno-hw-mulx  -o Ass1.elf obj/default/FreeRTOS/croutine.o obj/default/FreeRTOS/event_groups.o obj/default/FreeRTOS/heap.o obj/default/FreeRTOS/list.o obj/default/FreeRTOS/port.o obj/default/FreeRTOS/queue.o obj/default/FreeRTOS/tasks.o obj/default/FreeRTOS/timers.o obj/default/freertos_semaphore.o obj/default/FreeRTOS/port_asm.o -lm 
nios2-elf-insert Ass1.elf --thread_model hal --cpu_name nios2 --qsys true --simulation_enabled false --id 7 --sidp 0x430f0 --timestamp 1393900972 --stderr_dev jtag_uart --stdin_dev jtag_uart --stdout_dev jtag_uart --sopc_system_name nios2 --quartus_project_dir "D:/CS723-A1/workspace" --sopcinfo D:/CS723-A1/workspace/nios2.sopcinfo
      1 [main] sh 2360 find_fast_cwd: WARNING: Couldn't compute FAST_CWD pointer.  Please report this problem to
the public mailing list cygwin@cygwin.com
      1 [main] uname 1844 find_fast_cwd: WARNING: Couldn't compute FAST_CWD pointer.  Please report this problem to
the public mailing list cygwin@cygwin.com
      0 [main] sh 9124 find_fast_cwd: WARNING: Couldn't compute FAST_CWD pointer.  Please report this problem to
the public mailing list cygwin@cygwin.com
Info: (Ass1.elf) 602 KBytes program size (code + initialized data).
Info:            130561 KBytes free for stack + heap.
      0 [main] echo 11736 find_fast_cwd: WARNING: Couldn't compute FAST_CWD pointer.  Please report this problem to
the public mailing list cygwin@cygwin.com
Info: Creating Ass1.objdump
nios2-elf-objdump --disassemble --syms --all-header --source Ass1.elf >Ass1.objdump
      1 [main] sh 1000 find_fast_cwd: WARNING: Couldn't compute FAST_CWD pointer.  Please report this problem to
the public mailing list cygwin@cygwin.com
      0 [main] sh 10348 find_fast_cwd: WARNING: Couldn't compute FAST_CWD pointer.  Please report this problem to
the public mailing list cygwin@cygwin.com
[Ass1 build complete]

**** Build Finished ****

**** Build of configuration Nios II for project Ass1 ****

make all 
      0 [main] sh 7768 find_fast_cwd: WARNING: Couldn't compute FAST_CWD pointer.  Please report this problem to
the public mailing list cygwin@cygwin.com
      1 [main] sh 896 find_fast_cwd: WARNING: Couldn't compute FAST_CWD pointer.  Please report this problem to
the public mailing list cygwin@cygwin.com
      0 [main] echo 9316 find_fast_cwd: WARNING: Couldn't compute FAST_CWD pointer.  Please report this problem to
Info: Building ../Ass1_bsp/
the public mailing list cygwin@cygwin.com
make --no-print-directory -C ../Ass1_bsp/
      1 [main] pwd 8736 find_fast_cwd: WARNING: Couldn't compute FAST_CWD pointer.  Please report this problem to
the public mailing list cygwin@cygwin.com
      1 [main] sh 2896 find_fast_cwd: WARNING: Couldn't compute FAST_CWD pointer.  Please report this problem to
the public mailing list cygwin@cygwin.com
      0 [main] sh 2156 find_fast_cwd: WARNING: Couldn't compute FAST_CWD pointer.  Please report this problem to
the public mailing list cygwin@cygwin.com
[BSP build complete]
      0 [main] true 10788 find_fast_cwd: WARNING: Couldn't compute FAST_CWD pointer.  Please report this problem to
the public mailing list cygwin@cygwin.com
      1 [main] sh 5448 find_fast_cwd: WARNING: Couldn't compute FAST_CWD pointer.  Please report this problem to
the public mailing list cygwin@cygwin.com
[Ass1 build complete]

**** Build Finished ****
