
**** Build of configuration Nios II for project Assignment1 ****

make all 
      1 [main] sh 4316 find_fast_cwd: WARNING: Couldn't compute FAST_CWD pointer.  Please report this problem to
the public mailing list cygwin@cygwin.com
      1 [main] sh 11008 find_fast_cwd: WARNING: Couldn't compute FAST_CWD pointer.  Please report this problem to
the public mailing list cygwin@cygwin.com
      1 [main] echo 13780 find_fast_cwd: WARNING: Couldn't compute FAST_CWD pointer.  Please report this problem to
the public mailing list cygwin@cygwin.com
Info: Building ../Assignment1_bsp/
make --no-print-directory -C ../Assignment1_bsp/
      1 [main] pwd 11516 find_fast_cwd: WARNING: Couldn't compute FAST_CWD pointer.  Please report this problem to
the public mailing list cygwin@cygwin.com
      0 [main] sh 7396 find_fast_cwd: WARNING: Couldn't compute FAST_CWD pointer.  Please report this problem to
the public mailing list cygwin@cygwin.com
      1 [main] sh 15132 find_fast_cwd: WARNING: Couldn't compute FAST_CWD pointer.  Please report this problem to
the public mailing list cygwin@cygwin.com
[BSP build complete]
      1 [main] echo 2292 find_fast_cwd: WARNING: Couldn't compute FAST_CWD pointer.  Please report this problem to
the public mailing list cygwin@cygwin.com
Info: Compiling freertos_semaphore.c to obj/default/freertos_semaphore.o
      1 [main] mkdir 11224 find_fast_cwd: WARNING: Couldn't compute FAST_CWD pointer.  Please report this problem to
the public mailing list cygwin@cygwin.com
nios2-elf-gcc -xc -MP -MMD -c -I../Assignment1_bsp//HAL/inc -I../Assignment1_bsp/ -I../Assignment1_bsp//drivers/inc  -DSYSTEM_BUS_WIDTH=32 -pipe -D__hal__ -DALT_NO_INSTRUCTION_EMULATION -DALT_SINGLE_THREADED    -O0 -g -Wall   -EL -mhw-div -mhw-mul -mno-hw-mulx  -o obj/default/freertos_semaphore.o freertos_semaphore.c
freertos_semaphore.c: In function 'receive_task1':
freertos_semaphore.c:321: warning: unused variable 'msg'
freertos_semaphore.c: In function 'receive_task2':
freertos_semaphore.c:332: warning: unused variable 'msg'
      1 [main] true 13844 find_fast_cwd: WARNING: Couldn't compute FAST_CWD pointer.  Please report this problem to
the public mailing list cygwin@cygwin.com
      1 [main] echo 10912 find_fast_cwd: WARNING: Couldn't compute FAST_CWD pointer.  Please report this problem to
the public mailing list cygwin@cygwin.com
Info: Linking Assignment1.elf
nios2-elf-g++  -T'../Assignment1_bsp//linker.x' -msys-crt0='../Assignment1_bsp//obj/HAL/src/crt0.o' -msys-lib=hal_bsp -L../Assignment1_bsp/   -Wl,-Map=Assignment1.map   -O0 -g -Wall   -EL -mhw-div -mhw-mul -mno-hw-mulx  -o Assignment1.elf obj/default/FreeRTOS/croutine.o obj/default/FreeRTOS/event_groups.o obj/default/FreeRTOS/heap.o obj/default/FreeRTOS/list.o obj/default/FreeRTOS/port.o obj/default/FreeRTOS/queue.o obj/default/FreeRTOS/tasks.o obj/default/FreeRTOS/timers.o obj/default/freertos_semaphore.o obj/default/FreeRTOS/port_asm.o -lm 
nios2-elf-insert Assignment1.elf --thread_model hal --cpu_name nios2 --qsys true --simulation_enabled false --id 7 --sidp 0x430f0 --timestamp 1393900972 --stderr_dev jtag_uart --stdin_dev jtag_uart --stdout_dev jtag_uart --sopc_system_name nios2 --quartus_project_dir "D:/cjan957/SOPC_files" --sopcinfo D:/cjan957/SOPC_files/nios2.sopcinfo
      1 [main] sh 4672 find_fast_cwd: WARNING: Couldn't compute FAST_CWD pointer.  Please report this problem to
the public mailing list cygwin@cygwin.com
      0 [main] uname 15352 find_fast_cwd: WARNING: Couldn't compute FAST_CWD pointer.  Please report this problem to
the public mailing list cygwin@cygwin.com
      0 [main] sh 14092 find_fast_cwd: WARNING: Couldn't compute FAST_CWD pointer.  Please report this problem to
the public mailing list cygwin@cygwin.com
Info: (Assignment1.elf) 602 KBytes program size (code + initialized data).
Info:                   130561 KBytes free for stack + heap.
      1 [main] echo 1412 find_fast_cwd: WARNING: Couldn't compute FAST_CWD pointer.  Please report this problem to
the public mailing list cygwin@cygwin.com
Info: Creating Assignment1.objdump
nios2-elf-objdump --disassemble --syms --all-header --source Assignment1.elf >Assignment1.objdump
      1 [main] sh 8128 find_fast_cwd: WARNING: Couldn't compute FAST_CWD pointer.  Please report this problem to
the public mailing list cygwin@cygwin.com
      1 [main] sh 1112 find_fast_cwd: WARNING: Couldn't compute FAST_CWD pointer.  Please report this problem to
the public mailing list cygwin@cygwin.com
[Assignment1 build complete]

**** Build Finished ****
